28/02/25 06:44:44 Xvnc version TightVNC-1.3.10
28/02/25 06:44:44 Copyright (C) 2000-2009 TightVNC Group
28/02/25 06:44:44 Copyright (C) 1999 AT&T Laboratories Cambridge
28/02/25 06:44:44 All Rights Reserved.
28/02/25 06:44:44 See http://www.tightvnc.com/ for information on TightVNC
28/02/25 06:44:44 Desktop name 'X' (hostname:3)
28/02/25 06:44:44 Protocol versions supported: 3.3, 3.7, 3.8, 3.7t, 3.8t
28/02/25 06:44:44 Listening for VNC connections on TCP port 5903
Font directory '/usr/share/fonts/X11/Type1/' not found - ignoring
Font directory '/usr/share/fonts/X11/75dpi/' not found - ignoring
Font directory '/usr/share/fonts/X11/100dpi/' not found - ignoring
xrdb: No such file or directory
xrdb: can't open file '/root/.Xresources'

28/02/25 06:56:11 Got connection from client 20.65.193.35
28/02/25 06:56:21 rfbProcessClientProtocolVersion: client gone
28/02/25 06:56:21 Client 20.65.193.35 gone
28/02/25 06:56:21 Statistics:
28/02/25 06:56:21   framebuffer updates 0, rectangles 0, bytes 0

28/02/25 08:21:00 Got connection from client 217.113.5.38
28/02/25 08:21:01 Using protocol version 3.8
28/02/25 08:21:01 rfbProcessClientSecurityType: wrong security type requested
28/02/25 08:21:01 Client 217.113.5.38 gone
28/02/25 08:21:01 Statistics:
28/02/25 08:21:01   framebuffer updates 0, rectangles 0, bytes 0
